\BOOKMARK [1][-]{section.1}{Manifold/ Representation Learning}{}% 1
\BOOKMARK [2][-]{subsection.1.1}{Classic Methods}{section.1}% 2
\BOOKMARK [2][-]{subsection.1.2}{Competitive Hebbian Learning}{section.1}% 3
\BOOKMARK [2][-]{subsection.1.3}{Deep Learning}{section.1}% 4
\BOOKMARK [1][-]{section.2}{Information Measures}{}% 5
\BOOKMARK [1][-]{section.3}{Manifold Regularization}{}% 6
\BOOKMARK [1][-]{section.4}{Multiple Instance Learning}{}% 7
\BOOKMARK [2][-]{subsection.4.1}{Multiple Instance Concept Learning}{section.4}% 8
\BOOKMARK [2][-]{subsection.4.2}{Multiple Instance Classification}{section.4}% 9
\BOOKMARK [2][-]{subsection.4.3}{Multiple Instance Regression}{section.4}% 10
\BOOKMARK [2][-]{subsection.4.4}{Applications}{section.4}% 11
\BOOKMARK [1][-]{section.5}{Fusion}{}% 12
\BOOKMARK [2][-]{subsection.5.1}{Classical Approaches}{section.5}% 13
\BOOKMARK [3][-]{subsubsection.5.1.1}{General Approach}{subsection.5.1}% 14
\BOOKMARK [3][-]{subsubsection.5.1.2}{Hierarchical Mixture of Experts}{subsection.5.1}% 15
\BOOKMARK [3][-]{subsubsection.5.1.3}{Choquet Integral}{subsection.5.1}% 16
\BOOKMARK [3][-]{subsubsection.5.1.4}{Deep Learning}{subsection.5.1}% 17
\BOOKMARK [3][-]{subsubsection.5.1.5}{Graph-Based}{subsection.5.1}% 18
\BOOKMARK [2][-]{subsection.5.2}{Co-registration}{section.5}% 19
\BOOKMARK [3][-]{subsubsection.5.2.1}{Geocoding}{subsection.5.2}% 20
\BOOKMARK [3][-]{subsubsection.5.2.2}{Similarity Measures}{subsection.5.2}% 21
\BOOKMARK [3][-]{subsubsection.5.2.3}{Transformation, Interpolation, Re-sampling}{subsection.5.2}% 22
\BOOKMARK [3][-]{subsubsection.5.2.4}{Conflation}{subsection.5.2}% 23
\BOOKMARK [2][-]{subsection.5.3}{Multi-resolution Fusion}{section.5}% 24
\BOOKMARK [2][-]{subsection.5.4}{Fusion of Mixed Data Types}{section.5}% 25
\BOOKMARK [2][-]{subsection.5.5}{Unsorted}{section.5}% 26
\BOOKMARK [1][-]{section.6}{Outlier/ Adversarial Detection}{}% 27
\BOOKMARK [1][-]{section.7}{Army}{}% 28
\BOOKMARK [1][-]{section.8}{Segmentation}{}% 29
