\BOOKMARK [0][-]{tableofcontents.0}{TABLE OF CONTENTS}{}% 1
\BOOKMARK [0][-]{chapter*.2}{LIST OF TABLES}{}% 2
\BOOKMARK [0][-]{chapter*.3}{LIST OF FIGURES}{}% 3
\BOOKMARK [0][-]{chapter.1}{1 Introduction}{}% 4
\BOOKMARK [0][-]{chapter.2}{2 Background}{}% 5
\BOOKMARK [1][-]{section.2.1}{2.1 Manifold Learning}{chapter.2}% 6
\BOOKMARK [2][-]{subsection.2.1.1}{2.1.1 Classic Approaches}{section.2.1}% 7
\BOOKMARK [2][-]{subsection.2.1.2}{2.1.2 Supervised and Semi-Supervised Approaches}{section.2.1}% 8
\BOOKMARK [2][-]{subsection.2.1.3}{2.1.3 Manifold Regularization}{section.2.1}% 9
\BOOKMARK [1][-]{section.2.2}{2.2 Multiple Instance Learning}{chapter.2}% 10
\BOOKMARK [2][-]{subsection.2.2.1}{2.2.1 Multiple Instance Concept Learning}{section.2.2}% 11
\BOOKMARK [2][-]{subsection.2.2.2}{2.2.2 Multiple Instance Classification}{section.2.2}% 12
\BOOKMARK [2][-]{subsection.2.2.3}{2.2.3 Multiple Instance Regression}{section.2.2}% 13
\BOOKMARK [1][-]{section.2.3}{2.3 Sensor Fusion}{chapter.2}% 14
\BOOKMARK [2][-]{subsection.2.3.1}{2.3.1 Classic Approaches}{section.2.3}% 15
\BOOKMARK [2][-]{subsection.2.3.2}{2.3.2 Feature-level Fusion}{section.2.3}% 16
\BOOKMARK [2][-]{subsection.2.3.3}{2.3.3 Information Loss}{section.2.3}% 17
\BOOKMARK [1][-]{section.2.4}{2.4 Data Processing on Graphs}{chapter.2}% 18
\BOOKMARK [1][-]{section.2.5}{2.5 Outlier/ Adversarial Detection}{chapter.2}% 19
\BOOKMARK [0][-]{chapter.3}{3 Problem Description}{}% 20
\BOOKMARK [0][-]{chapter.4}{4 Experimental Design}{}% 21
\BOOKMARK [0][-]{chapter.5}{5 Preliminary Work}{}% 22
\BOOKMARK [0][-]{chapter.6}{6 Future Tasks}{}% 23
\BOOKMARK [0][-]{chapter.7}{7 Conclusions}{}% 24
\BOOKMARK [0][-]{appendix*.5}{REFERENCES}{}% 25
