This is pdfTeX, Version 3.14159265-2.6-1.40.18 (MiKTeX 2.9.6350 64-bit) (preloaded format=pdflatex 2019.4.9)  9 APR 2019 15:02
entering extended mode
**C:/Users/Conma/Documents/ResearchProposal/SFLatex_2018/main.tex
(C:/Users/Conma/Documents/ResearchProposal/SFLatex_2018/main.tex
LaTeX2e <2017-04-15>
Babel <3.10> and hyphenation patterns for 75 language(s) loaded.
(ufthesis.cls
Document Class: ufthesis 2002/09/20 v2.0c UF Thesis Class (Ron Smith)
("C:\Program Files\MiKTeX 2.9\tex\latex\base\ifthen.sty"
Package: ifthen 2014/09/29 v1.1c Standard LaTeX ifthen package (DPC)
)
\c@RS@ptcnt=\count79

("C:\Program Files\MiKTeX 2.9\tex\latex\base\report.cls"
Document Class: report 2014/09/29 v1.4h Standard LaTeX document class
("C:\Program Files\MiKTeX 2.9\tex\latex\base\size12.clo"
File: size12.clo 2014/09/29 v1.4h Standard LaTeX file (size option)
)
\c@part=\count80
\c@chapter=\count81
\c@section=\count82
\c@subsection=\count83
\c@subsubsection=\count84
\c@paragraph=\count85
\c@subparagraph=\count86
\c@figure=\count87
\c@table=\count88
\abovecaptionskip=\skip41
\belowcaptionskip=\skip42
\bibindent=\dimen102
)
 
*****************************************
* Updating commands for Thesis Template *
*****************************************
(C:\Users\Conma\AppData\Roaming\MiKTeX\2.9\tex\latex\setspace\setspace.sty
Package: setspace 2011/12/19 v6.7a set line spacing
)
(C:\Users\Conma\AppData\Roaming\MiKTeX\2.9\tex\latex\ulem\ulem.sty
\UL@box=\box26
\UL@hyphenbox=\box27
\UL@skip=\skip43
\UL@hook=\toks14
\UL@height=\dimen103
\UL@pe=\count89
\UL@pixel=\dimen104
\ULC@box=\box28
Package: ulem 2012/05/18
\ULdepth=\dimen105
)
(C:\Users\Conma\AppData\Roaming\MiKTeX\2.9\tex\latex\sectsty\sectsty.sty
Package: sectsty 2002/02/25 v2.0.2 Commands to change all sectional heading sty
les
)
(C:\Users\Conma\AppData\Roaming\MiKTeX\2.9\tex\latex\ms\ragged2e.sty
Package: ragged2e 2009/05/21 v2.1 ragged2e Package (MS)

(C:\Users\Conma\AppData\Roaming\MiKTeX\2.9\tex\latex\ms\everysel.sty
Package: everysel 2011/10/28 v1.2 EverySelectfont Package (MS)
)
\CenteringLeftskip=\skip44
\RaggedLeftLeftskip=\skip45
\RaggedRightLeftskip=\skip46
\CenteringRightskip=\skip47
\RaggedLeftRightskip=\skip48
\RaggedRightRightskip=\skip49
\CenteringParfillskip=\skip50
\RaggedLeftParfillskip=\skip51
\RaggedRightParfillskip=\skip52
\JustifyingParfillskip=\skip53
\CenteringParindent=\skip54
\RaggedLeftParindent=\skip55
\RaggedRightParindent=\skip56
\JustifyingParindent=\skip57
)
\c@RS@TmpCnt=\count90
\RS@TOChdent=\skip58
\RS@MyHeader=\skip59
\RS@NumPoints=\skip60
\RS@StartofHeader=\skip61
\RS@EndofFooter=\skip62
\RS@TempLength=\skip63
\UFdent=\skip64
\RS@chapnumwidth=\skip65
\RS@secindent=\skip66
\RS@secnumwidth=\skip67
\RS@subsecindent=\skip68
\RS@subsecnumwidth=\skip69
\RS@figindent=\skip70
\RS@fignumwidth=\skip71
\RS@tabindent=\skip72
\RS@tabnumwidth=\skip73
\abovefigcaptskip=\skip74
\belowfigcaptskip=\skip75
\abovetabcaptskip=\skip76
\belowtabcaptskip=\skip77

 
*****************************************
*  Finished with Thesis Template
*****************************************
 
)
\@input{packages.aux}
\openout2 = `packages.aux'.

(packages.tex ("C:\Program Files\MiKTeX 2.9\tex\latex\amsmath\amsmath.sty"
Package: amsmath 2016/11/05 v2.16a AMS math features
\@mathmargin=\skip78

For additional information on amsmath, use the `?' option.
("C:\Program Files\MiKTeX 2.9\tex\latex\amsmath\amstext.sty"
Package: amstext 2000/06/29 v2.01 AMS text

("C:\Program Files\MiKTeX 2.9\tex\latex\amsmath\amsgen.sty"
File: amsgen.sty 1999/11/30 v2.0 generic functions
\@emptytoks=\toks15
\ex@=\dimen106
))
("C:\Program Files\MiKTeX 2.9\tex\latex\amsmath\amsbsy.sty"
Package: amsbsy 1999/11/29 v1.2d Bold Symbols
\pmbraise@=\dimen107
)
("C:\Program Files\MiKTeX 2.9\tex\latex\amsmath\amsopn.sty"
Package: amsopn 2016/03/08 v2.02 operator names
)
\inf@bad=\count91
LaTeX Info: Redefining \frac on input line 213.
\uproot@=\count92
\leftroot@=\count93
LaTeX Info: Redefining \overline on input line 375.
\classnum@=\count94
\DOTSCASE@=\count95
LaTeX Info: Redefining \ldots on input line 472.
LaTeX Info: Redefining \dots on input line 475.
LaTeX Info: Redefining \cdots on input line 596.
\Mathstrutbox@=\box29
\strutbox@=\box30
\big@size=\dimen108
LaTeX Font Info:    Redeclaring font encoding OML on input line 712.
LaTeX Font Info:    Redeclaring font encoding OMS on input line 713.
\macc@depth=\count96
\c@MaxMatrixCols=\count97
\dotsspace@=\muskip10
\c@parentequation=\count98
\dspbrk@lvl=\count99
\tag@help=\toks16
\row@=\count100
\column@=\count101
\maxfields@=\count102
\andhelp@=\toks17
\eqnshift@=\dimen109
\alignsep@=\dimen110
\tagshift@=\dimen111
\tagwidth@=\dimen112
\totwidth@=\dimen113
\lineht@=\dimen114
\@envbody=\toks18
\multlinegap=\skip79
\multlinetaggap=\skip80
\mathdisplay@stack=\toks19
LaTeX Info: Redefining \[ on input line 2817.
LaTeX Info: Redefining \] on input line 2818.
)
("C:\Program Files\MiKTeX 2.9\tex\latex\amscls\amsthm.sty"
Package: amsthm 2015/03/04 v2.20.2
\thm@style=\toks20
\thm@bodyfont=\toks21
\thm@headfont=\toks22
\thm@notefont=\toks23
\thm@headpunct=\toks24
\thm@preskip=\skip81
\thm@postskip=\skip82
\thm@headsep=\skip83
\dth@everypar=\toks25
)
(C:\Users\Conma\AppData\Roaming\MiKTeX\2.9\tex\latex\algorithmicx\algpseudocode
.sty
Package: algpseudocode 

(C:\Users\Conma\AppData\Roaming\MiKTeX\2.9\tex\latex\algorithmicx\algorithmicx.
sty
Package: algorithmicx 2005/04/27 v1.2 Algorithmicx

Document Style algorithmicx 1.2 - a greatly improved `algorithmic' style
\c@ALG@line=\count103
\c@ALG@rem=\count104
\c@ALG@nested=\count105
\ALG@tlm=\skip84
\ALG@thistlm=\skip85
\c@ALG@Lnr=\count106
\c@ALG@blocknr=\count107
\c@ALG@storecount=\count108
\c@ALG@tmpcounter=\count109
\ALG@tmplength=\skip86
)
Document Style - pseudocode environments for use with the `algorithmicx' style
) ("C:\Program Files\MiKTeX 2.9\tex\latex\tools\tabularx.sty"
Package: tabularx 2016/02/03 v2.11 `tabularx' package (DPC)

("C:\Program Files\MiKTeX 2.9\tex\latex\tools\array.sty"
Package: array 2016/10/06 v2.4d Tabular extension package (FMi)
\col@sep=\dimen115
\extrarowheight=\dimen116
\NC@list=\toks26
\extratabsurround=\skip87
\backup@length=\skip88
)
\TX@col@width=\dimen117
\TX@old@table=\dimen118
\TX@old@col=\dimen119
\TX@target=\dimen120
\TX@delta=\dimen121
\TX@cols=\count110
\TX@ftn=\toks27
)
(C:\Users\Conma\AppData\Roaming\MiKTeX\2.9\tex\latex\url\url.sty
\Urlmuskip=\muskip11
Package: url 2013/09/16  ver 3.4  Verb mode for urls, etc.
)
("C:\Program Files\MiKTeX 2.9\tex\latex\graphics\lscape.sty"
Package: lscape 2000/10/22 v3.01 Landscape Pages (DPC)

("C:\Program Files\MiKTeX 2.9\tex\latex\graphics\graphics.sty"
Package: graphics 2017/04/14 v1.1b Standard LaTeX Graphics (DPC,SPQR)

("C:\Program Files\MiKTeX 2.9\tex\latex\graphics\trig.sty"
Package: trig 2016/01/03 v1.10 sin cos tan (DPC)
)
("C:\Program Files\MiKTeX 2.9\tex\latex\graphics-cfg\graphics.cfg"
File: graphics.cfg 2016/06/04 v1.11 sample graphics configuration
)
Package graphics Info: Driver file: pdftex.def on input line 99.

("C:\Program Files\MiKTeX 2.9\tex\latex\graphics-def\pdftex.def"
File: pdftex.def 2017/01/12 v0.06k Graphics/color for pdfTeX

("C:\Program Files\MiKTeX 2.9\tex\generic\oberdiek\infwarerr.sty"
Package: infwarerr 2016/05/16 v1.4 Providing info/warning/error messages (HO)
)
("C:\Program Files\MiKTeX 2.9\tex\generic\oberdiek\ltxcmds.sty"
Package: ltxcmds 2016/05/16 v1.23 LaTeX kernel commands for general use (HO)
)
\Gread@gobject=\count111
)))
("C:\Program Files\MiKTeX 2.9\tex\latex\tools\longtable.sty"
Package: longtable 2014/10/28 v4.11 Multi-page Table package (DPC)
\LTleft=\skip89
\LTright=\skip90
\LTpre=\skip91
\LTpost=\skip92
\LTchunksize=\count112
\LTcapwidth=\dimen122
\LT@head=\box31
\LT@firsthead=\box32
\LT@foot=\box33
\LT@lastfoot=\box34
\LT@cols=\count113
\LT@rows=\count114
\c@LT@tables=\count115
\c@LT@chunks=\count116
\LT@p@ftn=\toks28
)
("C:\Program Files\MiKTeX 2.9\tex\latex\amsfonts\amsfonts.sty"
Package: amsfonts 2013/01/14 v3.01 Basic AMSFonts support
\symAMSa=\mathgroup4
\symAMSb=\mathgroup5
LaTeX Font Info:    Overwriting math alphabet `\mathfrak' in version `bold'
(Font)                  U/euf/m/n --> U/euf/b/n on input line 106.
)
("C:\Program Files\MiKTeX 2.9\tex\latex\amsfonts\amssymb.sty"
Package: amssymb 2013/01/14 v3.01 AMS font symbols
)
("C:\Program Files\MiKTeX 2.9\tex\latex\tools\bm.sty"
Package: bm 2017/01/16 v1.2c Bold Symbol Support (DPC/FMi)
\symboldoperators=\mathgroup6
\symboldletters=\mathgroup7
\symboldsymbols=\mathgroup8
LaTeX Font Info:    Redeclaring math alphabet \mathbf on input line 141.
LaTeX Info: Redefining \bm on input line 207.
) (subfigure.sty
Package: subfigure 2002/07/30 v2.1.4 subfigure package
\subfigtopskip=\skip93
\subfigcapskip=\skip94
\subfigcaptopadj=\dimen123
\subfigbottomskip=\skip95
\subfigcapmargin=\dimen124
\subfiglabelskip=\skip96
\c@subfigure=\count117
\c@lofdepth=\count118
\c@subtable=\count119
\c@lotdepth=\count120

****************************************
* Local config file subfigure.cfg used *
****************************************
(subfigure.cfg)
\subfig@top=\skip97
\subfig@bottom=\skip98
) (rotating.sty
Package: rotating 1997/09/26 v2.13 Rotation package

("C:\Program Files\MiKTeX 2.9\tex\latex\graphics\graphicx.sty"
Package: graphicx 2014/10/28 v1.0g Enhanced LaTeX Graphics (DPC,SPQR)

("C:\Program Files\MiKTeX 2.9\tex\latex\graphics\keyval.sty"
Package: keyval 2014/10/28 v1.15 key=value parser (DPC)
\KV@toks@=\toks29
)
\Gin@req@height=\dimen125
\Gin@req@width=\dimen126
)
\c@r@tfl@t=\count121
\rot@float@box=\box35
)
("C:\Program Files\MiKTeX 2.9\tex\latex\tools\calc.sty"
Package: calc 2014/10/28 v4.3 Infix arithmetic (KKT,FJ)
\calc@Acount=\count122
\calc@Bcount=\count123
\calc@Adimen=\dimen127
\calc@Bdimen=\dimen128
\calc@Askip=\skip99
\calc@Bskip=\skip100
LaTeX Info: Redefining \setlength on input line 80.
LaTeX Info: Redefining \addtolength on input line 81.
\calc@Ccount=\count124
\calc@Cskip=\skip101
) (ufenumerate.sty
Package: ufenumerate 2007/02/16 v1.00 UF enumerate with extensions
\@enLab=\toks30
)
(epsfig.sty
Package: epsfig 1999/02/16 v1.7a (e)psfig emulation (SPQR)
\epsfxsize=\dimen129
\epsfysize=\dimen130
) (caption.sty
Package: caption 2007/04/16 v3.0q Customising captions (AR)
 (caption3.sty
Package: caption3 2007/04/11 v3.0q caption3 kernel (AR)
\captionmargin=\dimen131
\captionmargin@=\dimen132
\captionwidth=\dimen133
\captionindent=\dimen134
\captionparindent=\dimen135
\captionhangindent=\dimen136
))
(C:\Users\Conma\AppData\Roaming\MiKTeX\2.9\tex\latex\natbib\natbib.sty
Package: natbib 2010/09/13 8.31b (PWD, AO)
\bibhang=\skip102
\bibsep=\skip103
LaTeX Info: Redefining \cite on input line 694.
\c@NAT@ctr=\count125

Local config file natbib.cfg used
(natbib.cfg)) ("C:\Program Files\MiKTeX 2.9\tex\latex\hyperref\hyperref.sty"
Package: hyperref 2017/03/14 v6.85a Hypertext links for LaTeX

("C:\Program Files\MiKTeX 2.9\tex\generic\oberdiek\hobsub-hyperref.sty"
Package: hobsub-hyperref 2016/05/16 v1.14 Bundle oberdiek, subset hyperref (HO)


("C:\Program Files\MiKTeX 2.9\tex\generic\oberdiek\hobsub-generic.sty"
Package: hobsub-generic 2016/05/16 v1.14 Bundle oberdiek, subset generic (HO)
Package: hobsub 2016/05/16 v1.14 Construct package bundles (HO)
Package hobsub Info: Skipping package `infwarerr' (already loaded).
Package hobsub Info: Skipping package `ltxcmds' (already loaded).
Package: ifluatex 2016/05/16 v1.4 Provides the ifluatex switch (HO)
Package ifluatex Info: LuaTeX not detected.
Package: ifvtex 2016/05/16 v1.6 Detect VTeX and its facilities (HO)
Package ifvtex Info: VTeX not detected.
Package: intcalc 2016/05/16 v1.2 Expandable calculations with integers (HO)
Package: ifpdf 2017/03/15 v3.2 Provides the ifpdf switch
Package: etexcmds 2016/05/16 v1.6 Avoid name clashes with e-TeX commands (HO)
Package etexcmds Info: Could not find \expanded.
(etexcmds)             That can mean that you are not using pdfTeX 1.50 or
(etexcmds)             that some package has redefined \expanded.
(etexcmds)             In the latter case, load this package earlier.
Package: kvsetkeys 2016/05/16 v1.17 Key value parser (HO)
Package: kvdefinekeys 2016/05/16 v1.4 Define keys (HO)
Package: pdftexcmds 2017/03/19 v0.25 Utility functions of pdfTeX for LuaTeX (HO
)
Package pdftexcmds Info: LuaTeX not detected.
Package pdftexcmds Info: \pdf@primitive is available.
Package pdftexcmds Info: \pdf@ifprimitive is available.
Package pdftexcmds Info: \pdfdraftmode found.
Package: pdfescape 2016/05/16 v1.14 Implements pdfTeX's escape features (HO)
Package: bigintcalc 2016/05/16 v1.4 Expandable calculations on big integers (HO
)
Package: bitset 2016/05/16 v1.2 Handle bit-vector datatype (HO)
Package: uniquecounter 2016/05/16 v1.3 Provide unlimited unique counter (HO)
)
Package hobsub Info: Skipping package `hobsub' (already loaded).
Package: letltxmacro 2016/05/16 v1.5 Let assignment for LaTeX macros (HO)
Package: hopatch 2016/05/16 v1.3 Wrapper for package hooks (HO)
Package: xcolor-patch 2016/05/16 xcolor patch
Package: atveryend 2016/05/16 v1.9 Hooks at the very end of document (HO)
Package atveryend Info: \enddocument detected (standard20110627).
Package: atbegshi 2016/06/09 v1.18 At begin shipout hook (HO)
Package: refcount 2016/05/16 v3.5 Data extraction from label references (HO)
Package: hycolor 2016/05/16 v1.8 Color options for hyperref/bookmark (HO)
)
("C:\Program Files\MiKTeX 2.9\tex\generic\ifxetex\ifxetex.sty"
Package: ifxetex 2010/09/12 v0.6 Provides ifxetex conditional
)
("C:\Program Files\MiKTeX 2.9\tex\latex\oberdiek\auxhook.sty"
Package: auxhook 2016/05/16 v1.4 Hooks for auxiliary files (HO)
)
("C:\Program Files\MiKTeX 2.9\tex\latex\oberdiek\kvoptions.sty"
Package: kvoptions 2016/05/16 v3.12 Key value format for package options (HO)
)
\@linkdim=\dimen137
\Hy@linkcounter=\count126
\Hy@pagecounter=\count127

("C:\Program Files\MiKTeX 2.9\tex\latex\hyperref\pd1enc.def"
File: pd1enc.def 2017/03/14 v6.85a Hyperref: PDFDocEncoding definition (HO)
)
\Hy@SavedSpaceFactor=\count128

("C:\Program Files\MiKTeX 2.9\tex\latex\00miktex\hyperref.cfg"
File: hyperref.cfg 2002/06/06 v1.2 hyperref configuration of TeXLive
)
Package hyperref Info: Option `final' set `true' on input line 4374.
Package hyperref Info: Option `hyperfootnotes' set `false' on input line 4374.
Package hyperref Info: Hyper figures OFF on input line 4498.
Package hyperref Info: Link nesting OFF on input line 4503.
Package hyperref Info: Hyper index ON on input line 4506.
Package hyperref Info: Plain pages OFF on input line 4513.
Package hyperref Info: Backreferencing OFF on input line 4518.
Package hyperref Info: Implicit mode ON; LaTeX internals redefined.
Package hyperref Info: Bookmarks ON on input line 4751.
\c@Hy@tempcnt=\count129
LaTeX Info: Redefining \url on input line 5104.
\XeTeXLinkMargin=\dimen138
\Fld@menulength=\count130
\Field@Width=\dimen139
\Fld@charsize=\dimen140
Package hyperref Info: Hyper figures OFF on input line 6358.
Package hyperref Info: Link nesting OFF on input line 6363.
Package hyperref Info: Hyper index ON on input line 6366.
Package hyperref Info: backreferencing OFF on input line 6373.
Package hyperref Info: Link coloring OFF on input line 6378.
Package hyperref Info: Link coloring with OCG OFF on input line 6383.
Package hyperref Info: PDF/A mode OFF on input line 6388.
LaTeX Info: Redefining \ref on input line 6428.
LaTeX Info: Redefining \pageref on input line 6432.
\Hy@abspage=\count131
\c@Item=\count132
)

Package hyperref Message: Driver (autodetected): hpdftex.

("C:\Program Files\MiKTeX 2.9\tex\latex\hyperref\hpdftex.def"
File: hpdftex.def 2017/03/14 v6.85a Hyperref driver for pdfTeX
\Fld@listcount=\count133
\c@bookmark@seq@number=\count134

("C:\Program Files\MiKTeX 2.9\tex\latex\oberdiek\rerunfilecheck.sty"
Package: rerunfilecheck 2016/05/16 v1.8 Rerun checks for auxiliary files (HO)
Package uniquecounter Info: New unique counter `rerunfilecheck' on input line 2
82.
)
\Hy@SectionHShift=\skip104
)
Package hyperref Info: Option `colorlinks' set `true' on input line 39.
Package hyperref Info: Option `bookmarksnumbered' set `true' on input line 39.
)
\@input{usersetcommands.aux}
\openout2 = `usersetcommands.aux'.

(usersetcommands.tex
\widthOfItem=\skip105
\c@theorem=\count135
\c@lemma=\count136
\c@corollary=\count137
\c@definition=\count138
\c@assumption=\count139
\c@proposition=\count140
\c@algorithm=\count141
)
No file main.aux.
\openout1 = `main.aux'.

LaTeX Font Info:    Checking defaults for OML/cmm/m/it on input line 70.
LaTeX Font Info:    ... okay on input line 70.
LaTeX Font Info:    Checking defaults for T1/cmr/m/n on input line 70.
LaTeX Font Info:    ... okay on input line 70.
LaTeX Font Info:    Checking defaults for OT1/cmr/m/n on input line 70.
LaTeX Font Info:    ... okay on input line 70.
LaTeX Font Info:    Checking defaults for OMS/cmsy/m/n on input line 70.
LaTeX Font Info:    ... okay on input line 70.
LaTeX Font Info:    Checking defaults for OMX/cmex/m/n on input line 70.
LaTeX Font Info:    ... okay on input line 70.
LaTeX Font Info:    Checking defaults for U/cmr/m/n on input line 70.
LaTeX Font Info:    ... okay on input line 70.
LaTeX Font Info:    Checking defaults for PD1/pdf/m/n on input line 70.
LaTeX Font Info:    ... okay on input line 70.
ABD: EverySelectfont initializing macros
LaTeX Info: Redefining \selectfont on input line 70.

**************************************
* Executing Begin Document Statement *
**************************************
(C:\Users\Conma\AppData\Roaming\MiKTeX\2.9\tex\context\base\mkii\supp-pdf.mkii
[Loading MPS to PDF converter (version 2006.09.02).]
\scratchcounter=\count142
\scratchdimen=\dimen141
\scratchbox=\box36
\nofMPsegments=\count143
\nofMParguments=\count144
\everyMPshowfont=\toks31
\MPscratchCnt=\count145
\MPscratchDim=\dimen142
\MPnumerator=\count146
\makeMPintoPDFobject=\count147
\everyMPtoPDFconversion=\toks32
) ("C:\Program Files\MiKTeX 2.9\tex\latex\oberdiek\epstopdf-base.sty"
Package: epstopdf-base 2016/05/15 v2.6 Base part for package epstopdf

("C:\Program Files\MiKTeX 2.9\tex\latex\oberdiek\grfext.sty"
Package: grfext 2016/05/16 v1.2 Manage graphics extensions (HO)
)
Package epstopdf-base Info: Redefining graphics rule for `.eps' on input line 4
38.
Package grfext Info: Graphics extension search list:
(grfext)             [.png,.pdf,.jpg,.mps,.jpeg,.jbig2,.jb2,.PNG,.PDF,.JPG,.JPE
G,.JBIG2,.JB2,.eps]
(grfext)             \AppendGraphicsExtensions on input line 456.
)
\AtBeginShipoutBox=\box37

("C:\Program Files\MiKTeX 2.9\tex\latex\graphics\color.sty"
Package: color 2016/07/10 v1.1e Standard LaTeX Color (DPC)

("C:\Program Files\MiKTeX 2.9\tex\latex\graphics-cfg\color.cfg"
File: color.cfg 2016/01/02 v1.6 sample color configuration
)
Package color Info: Driver file: pdftex.def on input line 147.
)
Package hyperref Info: Link coloring ON on input line 70.

("C:\Program Files\MiKTeX 2.9\tex\latex\hyperref\nameref.sty"
Package: nameref 2016/05/21 v2.44 Cross-referencing by name of section

("C:\Program Files\MiKTeX 2.9\tex\generic\oberdiek\gettitlestring.sty"
Package: gettitlestring 2016/05/16 v1.5 Cleanup title references (HO)
)
\c@section@level=\count148
)
LaTeX Info: Redefining \ref on input line 70.
LaTeX Info: Redefining \pageref on input line 70.
LaTeX Info: Redefining \nameref on input line 70.

(main.out) (main.out)
\@outlinefile=\write3
\openout3 = `main.out'.

LaTeX Font Info:    Try loading font information for U+msa on input line 113.
 ("C:\Program Files\MiKTeX 2.9\tex\latex\amsfonts\umsa.fd"
File: umsa.fd 2013/01/14 v3.01 AMS symbols A
)
LaTeX Font Info:    Try loading font information for U+msb on input line 113.
 ("C:\Program Files\MiKTeX 2.9\tex\latex\amsfonts\umsb.fd"
File: umsb.fd 2013/01/14 v3.01 AMS symbols B
) [1






{C:/ProgramData/MiKTeX/2.9/pdftex/config/pdftex.map}]
LaTeX Font Info:    Try loading font information for OMS+cmss on input line 114
.
LaTeX Font Info:    No file OMScmss.fd. on input line 114.


LaTeX Font Warning: Font shape `OMS/cmss/m/n' undefined
(Font)              using `OMS/cmsy/m/n' instead on input line 114.

[2


] (tex/dedication.tex) [3


]
\openout2 = `tex/acknowledgements.aux'.

 (tex/acknowledgements.tex

Package hyperref Warning: bookmark level for unknown extrachapter defaults to 0
.

[4




])
\openout2 = `tex/TOC.aux'.

 (tex/TOC.tex

Package hyperref Warning: old toc file detected, not used; run LaTeX again.

\tf@toc=\write4
\openout4 = `main.toc'.

[5





]

Package hyperref Warning: old lot file detected, not used; run LaTeX again.

\tf@lot=\write5
\openout5 = `main.lot'.

[6



]

Package hyperref Warning: old lof file detected, not used; run LaTeX again.

\tf@lof=\write6
\openout6 = `main.lof'.

[7



])
\openout2 = `tex/abstract.aux'.

 (tex/abstract.tex [8




] [9])
\openout2 = `tex/chapter1.aux'.

 (tex/chapter1.tex
***************************
CHAPTER 1.
***************************

Package hyperref Warning: Token not allowed in a PDF string (PDFDocEncoding):
(hyperref)                removing `\uppercase' on input line 1.


Underfull \hbox (badness 10000) in paragraph at lines 3--3
[][]\OT1/cmss/m/n/12 an un-numbered footnote - this is how you tell the readers
 that this chapter was previously
 []


Package natbib Warning: Citation `green2008wrinkle' on page 10 undefined on inp
ut line 7.


Package natbib Warning: Citation `a' on page 10 undefined on input line 10.


Package natbib Warning: Citation `strickler1998contamination' on page 10 undefi
ned on input line 13.

[10




] <images/diagram.jpg, id=208, 429.605pt x 188.705pt>
File: images/diagram.jpg Graphic file (type jpg)

<use images/diagram.jpg>
Package pdftex.def Info: images/diagram.jpg used on input line 38.
(pdftex.def)             Requested size: 361.34999pt x 158.72707pt.
 [11 <./images/diagram.jpg>]

! LaTeX Error: File `images/eagle' not found.

See the LaTeX manual or LaTeX Companion for explanation.
Type  H <return>  for immediate help.
 ...                                              
                                                  
l.51     \includegraphics[width=5in]{images/eagle}
                                                  
I could not locate the file with any of these extensions:
.png,.pdf,.jpg,.mps,.jpeg,.jbig2,.jb2,.PNG,.PDF,.JPG,.JPEG,.JBIG2,.JB2,.eps
Try typing  <return>  to proceed.
If that doesn't work, type  X <return>  to quit.

<images/graph.pdf, id=215, 446.66875pt x 349.305pt>
File: images/graph.pdf Graphic file (type pdf)
 <use images/graph.pdf>
Package pdftex.def Info: images/graph.pdf used on input line 63.
(pdftex.def)             Requested size: 446.66765pt x 349.30414pt.


Package natbib Warning: Citation `l2012wrinkle' on page 12 undefined on input l
ine 71.

<images/nebula.jpg, id=216, 803.0pt x 562.1pt>
File: images/nebula.jpg Graphic file (type jpg)
 <use images/nebula.jpg>
Package pdftex.def Info: images/nebula.jpg used on input line 75.
(pdftex.def)             Requested size: 361.34999pt x 252.95123pt.

<images/theworld.png, id=217, 963.6pt x 542.025pt>
File: images/theworld.png Graphic file (type png)
 <use images/theworld.png>
Package pdftex.def Info: images/theworld.png used on input line 87.
(pdftex.def)             Requested size: 361.34999pt x 203.25887pt.

[12]

Package natbib Warning: Citation `Rust94' on page 13 undefined on input line 93
.

[13 <./images/graph.pdf>] [14 <./images/nebula.jpg> <./images/theworld.png>]
Package epstopdf Info: Source file: <images/mouse.eps>
(epstopdf)                    date: 2019-04-09 09:34:23
(epstopdf)                    size: 5196 bytes
(epstopdf)             Output file: <images/mouse-eps-converted-to.pdf>
(epstopdf)             Command: <epstopdf --outfile=images/mouse-eps-converted-
to.pdf images/mouse.eps>
(epstopdf)             \includegraphics on input line 104.
runsystem(epstopdf --outfile=images/mouse-eps-converted-to.pdf images/mouse.eps
)...executed (allowed).

Package epstopdf Info: Result file: <images/mouse-eps-converted-to.pdf>
(epstopdf)                    date: 2019-04-09 15:02:49
(epstopdf)                    size: 3142 bytes.

<images/mouse-eps-converted-to.pdf, id=248, 151.56625pt x 134.5025pt>
File: images/mouse-eps-converted-to.pdf Graphic file (type pdf)

<use images/mouse-eps-converted-to.pdf>
Package pdftex.def Info: images/mouse-eps-converted-to.pdf used on input line 1
04.
(pdftex.def)             Requested size: 90.94044pt x 80.7021pt.
Package epstopdf Info: Source file: <images/mouse.eps>
(epstopdf)                    date: 2019-04-09 09:34:23
(epstopdf)                    size: 5196 bytes
(epstopdf)             Output file: <images/mouse-eps-converted-to.pdf>
(epstopdf)                    date: 2019-04-09 15:02:49
(epstopdf)                    size: 3142 bytes
(epstopdf)             Command: <epstopdf --outfile=images/mouse-eps-converted-
to.pdf images/mouse.eps>
(epstopdf)             \includegraphics on input line 104.
Package epstopdf Info: Output file is already uptodate.
File: images/mouse-eps-converted-to.pdf Graphic file (type pdf)

<use images/mouse-eps-converted-to.pdf>
Package pdftex.def Info: images/mouse-eps-converted-to.pdf used on input line 1
04.
(pdftex.def)             Requested size: 90.94044pt x 80.7021pt.
Package epstopdf Info: Source file: <images/cat.eps>
(epstopdf)                    date: 2019-04-09 09:34:22
(epstopdf)                    size: 15737 bytes
(epstopdf)             Output file: <images/cat-eps-converted-to.pdf>
(epstopdf)             Command: <epstopdf --outfile=images/cat-eps-converted-to
.pdf images/cat.eps>
(epstopdf)             \includegraphics on input line 108.
runsystem(epstopdf --outfile=images/cat-eps-converted-to.pdf images/cat.eps)...
executed (allowed).

Package epstopdf Info: Result file: <images/cat-eps-converted-to.pdf>
(epstopdf)                    date: 2019-04-09 15:02:52
(epstopdf)                    size: 3050 bytes.

<images/cat-eps-converted-to.pdf, id=249, 36.135pt x 32.12pt>
File: images/cat-eps-converted-to.pdf Graphic file (type pdf)

<use images/cat-eps-converted-to.pdf>
Package pdftex.def Info: images/cat-eps-converted-to.pdf used on input line 108
.
(pdftex.def)             Requested size: 108.40466pt x 96.35971pt.
Package epstopdf Info: Source file: <images/mouse.eps>
(epstopdf)                    date: 2019-04-09 09:34:23
(epstopdf)                    size: 5196 bytes
(epstopdf)             Output file: <images/mouse-eps-converted-to.pdf>
(epstopdf)                    date: 2019-04-09 15:02:49
(epstopdf)                    size: 3142 bytes
(epstopdf)             Command: <epstopdf --outfile=images/mouse-eps-converted-
to.pdf images/mouse.eps>
(epstopdf)             \includegraphics on input line 108.
Package epstopdf Info: Output file is already uptodate.
File: images/mouse-eps-converted-to.pdf Graphic file (type pdf)
 <use images/mouse-eps-converted-to.pdf>
Package pdftex.def Info: images/mouse-eps-converted-to.pdf used on input line 1
08.
(pdftex.def)             Requested size: 90.94044pt x 80.7021pt.

[15 <./images/mouse-eps-converted-to.pdf> <./images/cat-eps-converted-to.pdf>])
[16]
\openout2 = `tex/chapter2.aux'.

 (tex/chapter2.tex
***************************
CHAPTER 2.
***************************

Package hyperref Warning: Token not allowed in a PDF string (PDFDocEncoding):
(hyperref)                removing `\uppercase' on input line 1.


Package natbib Warning: Citation `garfinkle1991charged' on page 17 undefined on
 input line 5.


LaTeX Warning: Reference `first' on page 17 undefined on input line 5.

<use images/cat-eps-converted-to.pdf> <use images/mouse-eps-converted-to.pdf>
<use images/cat-eps-converted-to.pdf> <use images/mouse-eps-converted-to.pdf>
Package epstopdf Info: Source file: <images/cat.eps>
(epstopdf)                    date: 2019-04-09 09:34:22
(epstopdf)                    size: 15737 bytes
(epstopdf)             Output file: <images/cat-eps-converted-to.pdf>
(epstopdf)                    date: 2019-04-09 15:02:52
(epstopdf)                    size: 3050 bytes
(epstopdf)             Command: <epstopdf --outfile=images/cat-eps-converted-to
.pdf images/cat.eps>
(epstopdf)             \includegraphics on input line 19.
Package epstopdf Info: Output file is already uptodate.
File: images/cat-eps-converted-to.pdf Graphic file (type pdf)

<use images/cat-eps-converted-to.pdf>
Package pdftex.def Info: images/cat-eps-converted-to.pdf used on input line 19.

(pdftex.def)             Requested size: 36.13489pt x 32.1199pt.
Package epstopdf Info: Source file: <images/mouse.eps>
(epstopdf)                    date: 2019-04-09 09:34:23
(epstopdf)                    size: 5196 bytes
(epstopdf)             Output file: <images/mouse-eps-converted-to.pdf>
(epstopdf)                    date: 2019-04-09 15:02:49
(epstopdf)                    size: 3142 bytes
(epstopdf)             Command: <epstopdf --outfile=images/mouse-eps-converted-
to.pdf images/mouse.eps>
(epstopdf)             \includegraphics on input line 19.
Package epstopdf Info: Output file is already uptodate.
File: images/mouse-eps-converted-to.pdf Graphic file (type pdf)
 <use images/mouse-eps-converted-to.pdf>
Package pdftex.def Info: images/mouse-eps-converted-to.pdf used on input line 1
9.
(pdftex.def)             Requested size: 37.89146pt x 33.62553pt.

Overfull \hbox (0.75499pt too wide) in paragraph at lines 19--20
[][] 
 []

Package epstopdf Info: Source file: <images/cat.eps>
(epstopdf)                    date: 2019-04-09 09:34:22
(epstopdf)                    size: 15737 bytes
(epstopdf)             Output file: <images/cat-eps-converted-to.pdf>
(epstopdf)                    date: 2019-04-09 15:02:52
(epstopdf)                    size: 3050 bytes
(epstopdf)             Command: <epstopdf --outfile=images/cat-eps-converted-to
.pdf images/cat.eps>
(epstopdf)             \includegraphics on input line 34.
Package epstopdf Info: Output file is already uptodate.
File: images/cat-eps-converted-to.pdf Graphic file (type pdf)
<use images/cat-eps-converted-to.pdf>
Package pdftex.def Info: images/cat-eps-converted-to.pdf used on input line 34.

(pdftex.def)             Requested size: 36.13489pt x 32.1199pt.
Package epstopdf Info: Source file: <images/mouse.eps>
(epstopdf)                    date: 2019-04-09 09:34:23
(epstopdf)                    size: 5196 bytes
(epstopdf)             Output file: <images/mouse-eps-converted-to.pdf>
(epstopdf)                    date: 2019-04-09 15:02:49
(epstopdf)                    size: 3142 bytes
(epstopdf)             Command: <epstopdf --outfile=images/mouse-eps-converted-
to.pdf images/mouse.eps>
(epstopdf)             \includegraphics on input line 35.
Package epstopdf Info: Output file is already uptodate.
File: images/mouse-eps-converted-to.pdf Graphic file (type pdf)
 <use images/mouse-eps-converted-to.pdf>
Package pdftex.def Info: images/mouse-eps-converted-to.pdf used on input line 3
5.
(pdftex.def)             Requested size: 37.89146pt x 33.62553pt.

[17



]

Package natbib Warning: Citation `Moffatt69' on page 18 undefined on input line
 46.


Overfull \hbox (0.75499pt too wide) in paragraph at lines 97--98
[][] 
 []


LaTeX Warning: Reference `tbl1' on page 18 undefined on input line 124.


Overfull \hbox (0.75499pt too wide) in paragraph at lines 124--125
[][] 
 []

[18] [19] [20]) [21]
\openout2 = `tex/chapter3.aux'.

 (tex/chapter3.tex
***************************
CHAPTER 3.
***************************

Package hyperref Warning: Token not allowed in a PDF string (PDFDocEncoding):
(hyperref)                removing `\uppercase' on input line 1.

) [22



]
\openout2 = `tex/chapter4.aux'.

 (tex/chapter4.tex
***************************
CHAPTER 4.
***************************

Package hyperref Warning: Token not allowed in a PDF string (PDFDocEncoding):
(hyperref)                removing `\uppercase' on input line 1.


LaTeX Font Warning: Font shape `OT1/cmss/m/it' in size <12> not available
(Font)              Font shape `OT1/cmss/m/sl' tried instead on input line 10.

Missing character: There is no â in font cmssi12!
Missing character: There is no € in font cmssi12!
Missing character: There is no ™ in font cmssi12!

LaTeX Font Warning: Font shape `OT1/cmss/m/it' in size <10> not available
(Font)              Font shape `OT1/cmss/m/sl' tried instead on input line 16.


LaTeX Font Warning: Font shape `OT1/cmss/bx/it' undefined
(Font)              using `OT1/cmss/bx/n' instead on input line 16.


LaTeX Font Warning: Font shape `OT1/cmss/m/sc' in size <12> not available
(Font)              Font shape `OT1/cmr/m/sc' tried instead on input line 16.

[23



] [24] [25]

LaTeX Warning: Reference `first' on page 26 undefined on input line 127.

[26]) [27]
\openout2 = `tex/chapter5.aux'.

 (tex/chapter5.tex
***************************
CHAPTER 5.
***************************

Package hyperref Warning: Token not allowed in a PDF string (PDFDocEncoding):
(hyperref)                removing `\uppercase' on input line 1.

) [28



]
\openout2 = `tex/TwoOrMoreAppendices.aux'.

 (tex/TwoOrMoreAppendices.tex (tex/appendixA.tex
***************************
APPENDIX A.
***************************

Package hyperref Warning: Token not allowed in a PDF string (PDFDocEncoding):
(hyperref)                removing `\uppercase' on input line 4.

) (tex/appendixB.tex [29



]
***************************
APPENDIX B.
***************************

Package hyperref Warning: Token not allowed in a PDF string (PDFDocEncoding):
(hyperref)                removing `\uppercase' on input line 1.

[30

]
Package epstopdf Info: Source file: <images/LaTeX2e_logo.eps>
(epstopdf)                    date: 2019-04-09 09:34:23
(epstopdf)                    size: 48715 bytes
(epstopdf)             Output file: <images/LaTeX2e_logo-eps-converted-to.pdf>
(epstopdf)             Command: <epstopdf --outfile=images/LaTeX2e_logo-eps-con
verted-to.pdf images/LaTeX2e_logo.eps>
(epstopdf)             \includegraphics on input line 10.
runsystem(epstopdf --outfile=images/LaTeX2e_logo-eps-converted-to.pdf images/La
TeX2e_logo.eps)...executed (allowed).

Package epstopdf Info: Result file: <images/LaTeX2e_logo-eps-converted-to.pdf>
(epstopdf)                    date: 2019-04-09 15:02:54
(epstopdf)                    size: 13764 bytes.

<images/LaTeX2e_logo-eps-converted-to.pdf, id=351, 701.62125pt x 214.8025pt>
File: images/LaTeX2e_logo-eps-converted-to.pdf Graphic file (type pdf)

<use images/LaTeX2e_logo-eps-converted-to.pdf>
Package pdftex.def Info: images/LaTeX2e_logo-eps-converted-to.pdf used on input
 line 10.
(pdftex.def)             Requested size: 433.62pt x 132.75664pt.
 [31 <./images/LaTeX2e_logo-eps-converted-to.pdf>] [32



]) (tex/appendixC.tex [33]
***************************
APPENDIX C.
***************************

Package hyperref Warning: Token not allowed in a PDF string (PDFDocEncoding):
(hyperref)                removing `\uppercase' on input line 1.


Package hyperref Warning: Token not allowed in a PDF string (PDFDocEncoding):
(hyperref)                removing `math shift' on input line 1.


Package hyperref Warning: Token not allowed in a PDF string (PDFDocEncoding):
(hyperref)                removing `\Upsilon' on input line 1.


Package hyperref Warning: Token not allowed in a PDF string (PDFDocEncoding):
(hyperref)                removing `math shift' on input line 1.

[34

] [35] [36]

LaTeX Warning: Reference `first' on page 37 undefined on input line 111.

) (tex/appendixD.tex [37]
***************************
APPENDIX D.
***************************

Package hyperref Warning: Token not allowed in a PDF string (PDFDocEncoding):
(hyperref)                removing `\uppercase' on input line 1.


Package hyperref Warning: Token not allowed in a PDF string (PDFDocEncoding):
(hyperref)                removing `math shift' on input line 1.


Package hyperref Warning: Token not allowed in a PDF string (PDFDocEncoding):
(hyperref)                removing `\Upsilon' on input line 1.


Package hyperref Warning: Token not allowed in a PDF string (PDFDocEncoding):
(hyperref)                removing `math shift' on input line 1.

[38

] [39] [40])) [41] (main.bbl [42



])
\openout2 = `bio.aux'.

 (bio.tex [43




])

Package natbib Warning: There were undefined citations.

Package atveryend Info: Empty hook `BeforeClearDocument' on input line 194.
Package atveryend Info: Empty hook `AfterLastShipout' on input line 194.
(main.aux (tex/acknowledgements.aux) (tex/TOC.aux) (tex/abstract.aux)
(tex/chapter1.aux) (tex/chapter2.aux) (tex/chapter3.aux) (tex/chapter4.aux)
(tex/chapter5.aux) (tex/TwoOrMoreAppendices.aux)

Package natbib Warning: Citation(s) may have changed.
(natbib)                Rerun to get citations correct.

(bio.aux))
Package atveryend Info: Executing hook `AtVeryEndDocument' on input line 194.
Package atveryend Info: Executing hook `AtEndAfterFileList' on input line 194.


Package rerunfilecheck Warning: File `main.out' has changed.
(rerunfilecheck)                Rerun to get outlines right
(rerunfilecheck)                or use package `bookmark'.

Package rerunfilecheck Info: Checksums for `main.out':
(rerunfilecheck)             Before: 4DD95D0373D4354474997833EA46F60B;3425
(rerunfilecheck)             After:  2C33DAE12B13EC3E3137CD7632981E86;2960.

LaTeX Font Warning: Some font shapes were not available, defaults substituted.


LaTeX Warning: There were undefined references.


LaTeX Warning: Label(s) may have changed. Rerun to get cross-references right.

Package atveryend Info: Empty hook `AtVeryVeryEnd' on input line 194.
 ) 
Here is how much of TeX's memory you used:
 8699 strings out of 493323
 124060 string characters out of 3139067
 237700 words of memory out of 3000000
 11881 multiletter control sequences out of 15000+200000
 15548 words of font info for 57 fonts, out of 3000000 for 9000
 1141 hyphenation exceptions out of 8191
 39i,15n,42p,1086b,485s stack positions out of 5000i,500n,10000p,200000b,50000s
<C:/Program Files/MiKTeX 2.9/fonts/type1/public/amsfonts/cmextra/cmbsy8.pfb><
C:/Program Files/MiKTeX 2.9/fonts/type1/public/amsfonts/cm/cmbx12.pfb><C:/Progr
am Files/MiKTeX 2.9/fonts/type1/public/amsfonts/cm/cmcsc10.pfb><C:/Program File
s/MiKTeX 2.9/fonts/type1/public/amsfonts/cm/cmex10.pfb><C:/Program Files/MiKTeX
 2.9/fonts/type1/public/amsfonts/cmextra/cmex8.pfb><C:/Program Files/MiKTeX 2.9
/fonts/type1/public/amsfonts/cm/cmmi12.pfb><C:/Program Files/MiKTeX 2.9/fonts/t
ype1/public/amsfonts/cm/cmmi6.pfb><C:/Program Files/MiKTeX 2.9/fonts/type1/publ
ic/amsfonts/cm/cmmi8.pfb><C:/Program Files/MiKTeX 2.9/fonts/type1/public/amsfon
ts/cm/cmmib10.pfb><C:/Program Files/MiKTeX 2.9/fonts/type1/public/amsfonts/cmex
tra/cmmib6.pfb><C:/Program Files/MiKTeX 2.9/fonts/type1/public/amsfonts/cmextra
/cmmib8.pfb><C:/Program Files/MiKTeX 2.9/fonts/type1/public/amsfonts/cm/cmr12.p
fb><C:/Program Files/MiKTeX 2.9/fonts/type1/public/amsfonts/cm/cmr6.pfb><C:/Pro
gram Files/MiKTeX 2.9/fonts/type1/public/amsfonts/cm/cmr8.pfb><C:/Program Files
/MiKTeX 2.9/fonts/type1/public/amsfonts/cm/cmss10.pfb><C:/Program Files/MiKTeX 
2.9/fonts/type1/public/amsfonts/cm/cmss12.pfb><C:/Program Files/MiKTeX 2.9/font
s/type1/public/amsfonts/cm/cmss8.pfb><C:/Program Files/MiKTeX 2.9/fonts/type1/p
ublic/amsfonts/cm/cmssbx10.pfb><C:/Program Files/MiKTeX 2.9/fonts/type1/public/
amsfonts/cm/cmssi10.pfb><C:/Program Files/MiKTeX 2.9/fonts/type1/public/amsfont
s/cm/cmssi12.pfb><C:/Program Files/MiKTeX 2.9/fonts/type1/public/amsfonts/cm/cm
sy10.pfb><C:/Program Files/MiKTeX 2.9/fonts/type1/public/amsfonts/cm/cmsy8.pfb>

Output written on main.pdf (43 pages, 2033035 bytes).
PDF statistics:
 512 PDF objects out of 1000 (max. 8388607)
 108 named destinations out of 1000 (max. 500000)
 348 words of extra memory for PDF output out of 10000 (max. 10000000)

